[debug] [2020-09-17T07:45:28.968Z] ----------------------------------------------------------------------
[debug] [2020-09-17T07:45:28.972Z] Command:       C:\Program Files\nodejs\node.exe C:\Users\Anupam Karn\AppData\Roaming\npm\node_modules\firebase-tools\lib\bin\firebase.js emulators:start
[debug] [2020-09-17T07:45:28.973Z] CLI Version:   8.10.0
[debug] [2020-09-17T07:45:28.973Z] Platform:      win32
[debug] [2020-09-17T07:45:28.973Z] Node Version:  v12.18.4
[debug] [2020-09-17T07:45:28.975Z] Time:          Thu Sep 17 2020 13:15:28 GMT+0530 (India Standard Time)
[debug] [2020-09-17T07:45:28.976Z] ----------------------------------------------------------------------
[debug] [2020-09-17T07:45:28.976Z] 
[debug] [2020-09-17T07:45:29.013Z] > command requires scopes: ["email","openid","https://www.googleapis.com/auth/cloudplatformprojects.readonly","https://www.googleapis.com/auth/firebase","https://www.googleapis.com/auth/cloud-platform"]
[debug] [2020-09-17T07:45:29.014Z] > authorizing via signed-in user
[info] i  emulators: Starting emulators: functions, hosting {"metadata":{"emulator":{"name":"hub"},"message":"Starting emulators: functions, hosting"}}
[debug] [2020-09-17T07:45:30.058Z] [hub] writing locator at C:\Users\Anupam Karn\AppData\Local\Temp\hub-fir-2d14d.json
[warn] !  functions: The following emulators are not running, calls to these services from the Functions emulator will affect production: firestore, database, pubsub {"metadata":{"emulator":{"name":"functions"},"message":"The following emulators are not running, calls to these services from the Functions emulator will affect production: \u001b[1mfirestore, database, pubsub\u001b[22m"}}
[info] +  functions: Using node@12 from host. {"metadata":{"emulator":{"name":"functions"},"message":"Using node@12 from host."}}
[debug] [2020-09-17T07:45:31.325Z] defaultcredentials: writing to file C:\Users\Anupam Karn\AppData\Roaming\firebase\talkingcat1003_gmail_com_application_default_credentials.json
[debug] [2020-09-17T07:45:31.330Z] Setting GAC to C:\Users\Anupam Karn\AppData\Roaming\firebase\talkingcat1003_gmail_com_application_default_credentials.json {"metadata":{"emulator":{"name":"functions"},"message":"Setting GAC to C:\\Users\\Anupam Karn\\AppData\\Roaming\\firebase\\talkingcat1003_gmail_com_application_default_credentials.json"}}
[debug] [2020-09-17T07:45:32.343Z] >>> HTTP REQUEST GET https://firebase.googleapis.com/v1beta1/projects/fir-2d14d/webApps/-/config  
 
[debug] [2020-09-17T07:45:34.162Z] <<< HTTP RESPONSE 200 {"content-type":"application/json; charset=UTF-8","vary":"X-Origin, Referer, Origin,Accept-Encoding","date":"Thu, 17 Sep 2020 07:45:34 GMT","server":"ESF","cache-control":"private","x-xss-protection":"0","x-frame-options":"SAMEORIGIN","x-content-type-options":"nosniff","alt-svc":"h3-29=\":443\"; ma=2592000,h3-27=\":443\"; ma=2592000,h3-T051=\":443\"; ma=2592000,h3-T050=\":443\"; ma=2592000,h3-Q050=\":443\"; ma=2592000,h3-Q046=\":443\"; ma=2592000,h3-Q043=\":443\"; ma=2592000,quic=\":443\"; ma=2592000; v=\"46,43\"","accept-ranges":"none","transfer-encoding":"chunked"}
[info] i  hosting: Serving hosting files from: build {"metadata":{"emulator":{"name":"hosting"},"message":"Serving hosting files from: \u001b[1mbuild\u001b[22m"}}
[info] +  hosting: Local server: http://localhost:5000 {"metadata":{"emulator":{"name":"hosting"},"message":"Local server: \u001b[4m\u001b[1mhttp://localhost:5000\u001b[22m\u001b[24m"}}
[debug] [2020-09-17T07:45:36.563Z] Ignoring unsupported arg: auto_download {"metadata":{"emulator":{"name":"ui"},"message":"Ignoring unsupported arg: auto_download"}}
[debug] [2020-09-17T07:45:36.564Z] Ignoring unsupported arg: port {"metadata":{"emulator":{"name":"ui"},"message":"Ignoring unsupported arg: port"}}
[debug] [2020-09-17T07:45:36.564Z] Starting Emulator UI with command {"binary":"node","args":["C:\\Users\\Anupam Karn\\.cache\\firebase\\emulators\\ui-v1.1.1\\server.bundle.js"],"optionalArgs":[],"joinArgs":false} {"metadata":{"emulator":{"name":"ui"},"message":"Starting Emulator UI with command {\"binary\":\"node\",\"args\":[\"C:\\\\Users\\\\Anupam Karn\\\\.cache\\\\firebase\\\\emulators\\\\ui-v1.1.1\\\\server.bundle.js\"],\"optionalArgs\":[],\"joinArgs\":false}"}}
[info] i  ui: Emulator UI logging to ui-debug.log {"metadata":{"emulator":{"name":"ui"},"message":"Emulator UI logging to \u001b[1mui-debug.log\u001b[22m"}}
[debug] [2020-09-17T07:45:36.897Z] Web / API server started at http://localhost:4000
 {"metadata":{"emulator":{"name":"ui"},"message":"Web / API server started at http://localhost:4000\n"}}
[info] i  functions: Watching "D:\Anupam Karn\Pictures\react\amazon\functions" for Cloud Functions... {"metadata":{"emulator":{"name":"functions"},"message":"Watching \"D:\\Anupam Karn\\Pictures\\react\\amazon\\functions\" for Cloud Functions..."}}
[debug] [2020-09-17T07:45:37.108Z] [worker-pool] addWorker(~diagnostic~) {"metadata":{"emulator":{"name":"functions"},"message":"[worker-pool] addWorker(~diagnostic~)"}}
[debug] [2020-09-17T07:45:37.108Z] [worker-pool] Adding worker with key ~diagnostic~, total=1 {"metadata":{"emulator":{"name":"functions"},"message":"[worker-pool] Adding worker with key ~diagnostic~, total=1"}}
[debug] [2020-09-17T07:45:37.109Z] [worker-pool] submitWork(triggerId=) {"metadata":{"emulator":{"name":"functions"},"message":"[worker-pool] submitWork(triggerId=)"}}
[debug] [2020-09-17T07:45:37.110Z] [worker-~diagnostic~-24d2820f-118a-493c-8f2e-c900afea032e]: Assigning socketPath: \\?\pipe\D:\Anupam Karn\Pictures\react\amazon\functions\6152 {"metadata":{"emulator":{"name":"functions"},"message":"[worker-~diagnostic~-24d2820f-118a-493c-8f2e-c900afea032e]: Assigning socketPath: \\\\?\\pipe\\D:\\Anupam Karn\\Pictures\\react\\amazon\\functions\\6152"}}
[debug] [2020-09-17T07:45:37.112Z] [worker-~diagnostic~-24d2820f-118a-493c-8f2e-c900afea032e]: BUSY {"metadata":{"emulator":{"name":"functions"},"message":"[worker-~diagnostic~-24d2820f-118a-493c-8f2e-c900afea032e]: BUSY"}}
[debug] [2020-09-17T07:45:38.157Z] [runtime-status] [6152] Functions runtime initialized. {"cwd":"D:\\Anupam Karn\\Pictures\\react\\amazon\\functions","node_version":"12.18.4"} {"metadata":{"emulator":{"name":"functions"},"message":"[runtime-status] [6152] Functions runtime initialized. {\"cwd\":\"D:\\\\Anupam Karn\\\\Pictures\\\\react\\\\amazon\\\\functions\",\"node_version\":\"12.18.4\"}"}}
[debug] [2020-09-17T07:45:38.167Z] [runtime-status] [6152] Disabled runtime features: undefined {"metadata":{"emulator":{"name":"functions"},"message":"[runtime-status] [6152] Disabled runtime features: undefined"}}
[debug] [2020-09-17T07:45:38.174Z] [runtime-status] [6152] Resolved module firebase-admin {"declared":true,"installed":true,"version":"8.13.0","resolution":"D:\\Anupam Karn\\Pictures\\react\\amazon\\functions\\node_modules\\firebase-admin\\lib\\index.js"} {"metadata":{"emulator":{"name":"functions"},"message":"[runtime-status] [6152] Resolved module firebase-admin {\"declared\":true,\"installed\":true,\"version\":\"8.13.0\",\"resolution\":\"D:\\\\Anupam Karn\\\\Pictures\\\\react\\\\amazon\\\\functions\\\\node_modules\\\\firebase-admin\\\\lib\\\\index.js\"}"}}
[debug] [2020-09-17T07:45:38.183Z] [runtime-status] [6152] Resolved module firebase-functions {"declared":true,"installed":true,"version":"3.11.0","resolution":"D:\\Anupam Karn\\Pictures\\react\\amazon\\functions\\node_modules\\firebase-functions\\lib\\index.js"} {"metadata":{"emulator":{"name":"functions"},"message":"[runtime-status] [6152] Resolved module firebase-functions {\"declared\":true,\"installed\":true,\"version\":\"3.11.0\",\"resolution\":\"D:\\\\Anupam Karn\\\\Pictures\\\\react\\\\amazon\\\\functions\\\\node_modules\\\\firebase-functions\\\\lib\\\\index.js\"}"}}
[debug] [2020-09-17T07:45:38.185Z] [runtime-status] [6152] Resolved module firebase-functions {"declared":true,"installed":true,"version":"3.11.0","resolution":"D:\\Anupam Karn\\Pictures\\react\\amazon\\functions\\node_modules\\firebase-functions\\lib\\index.js"} {"metadata":{"emulator":{"name":"functions"},"message":"[runtime-status] [6152] Resolved module firebase-functions {\"declared\":true,\"installed\":true,\"version\":\"3.11.0\",\"resolution\":\"D:\\\\Anupam Karn\\\\Pictures\\\\react\\\\amazon\\\\functions\\\\node_modules\\\\firebase-functions\\\\lib\\\\index.js\"}"}}
[debug] [2020-09-17T07:45:38.189Z] [runtime-status] [6152] Outgoing network have been stubbed. [{"name":"http","status":"mocked"},{"name":"http","status":"mocked"},{"name":"https","status":"mocked"},{"name":"https","status":"mocked"},{"name":"net","status":"mocked"}] {"metadata":{"emulator":{"name":"functions"},"message":"[runtime-status] [6152] Outgoing network have been stubbed. [{\"name\":\"http\",\"status\":\"mocked\"},{\"name\":\"http\",\"status\":\"mocked\"},{\"name\":\"https\",\"status\":\"mocked\"},{\"name\":\"https\",\"status\":\"mocked\"},{\"name\":\"net\",\"status\":\"mocked\"}]"}}
[debug] [2020-09-17T07:45:38.190Z] [runtime-status] [6152] Resolved module firebase-functions {"declared":true,"installed":true,"version":"3.11.0","resolution":"D:\\Anupam Karn\\Pictures\\react\\amazon\\functions\\node_modules\\firebase-functions\\lib\\index.js"} {"metadata":{"emulator":{"name":"functions"},"message":"[runtime-status] [6152] Resolved module firebase-functions {\"declared\":true,\"installed\":true,\"version\":\"3.11.0\",\"resolution\":\"D:\\\\Anupam Karn\\\\Pictures\\\\react\\\\amazon\\\\functions\\\\node_modules\\\\firebase-functions\\\\lib\\\\index.js\"}"}}
[debug] [2020-09-17T07:45:38.331Z] [runtime-status] [6152] Checked functions.config() {"config":{}} {"metadata":{"emulator":{"name":"functions"},"message":"[runtime-status] [6152] Checked functions.config() {\"config\":{}}"}}
[debug] [2020-09-17T07:45:38.332Z] [runtime-status] [6152] firebase-functions has been stubbed. {"functionsResolution":{"declared":true,"installed":true,"version":"3.11.0","resolution":"D:\\Anupam Karn\\Pictures\\react\\amazon\\functions\\node_modules\\firebase-functions\\lib\\index.js"}} {"metadata":{"emulator":{"name":"functions"},"message":"[runtime-status] [6152] firebase-functions has been stubbed. {\"functionsResolution\":{\"declared\":true,\"installed\":true,\"version\":\"3.11.0\",\"resolution\":\"D:\\\\Anupam Karn\\\\Pictures\\\\react\\\\amazon\\\\functions\\\\node_modules\\\\firebase-functions\\\\lib\\\\index.js\"}}"}}
[debug] [2020-09-17T07:45:38.333Z] [runtime-status] [6152] Resolved module firebase-functions {"declared":true,"installed":true,"version":"3.11.0","resolution":"D:\\Anupam Karn\\Pictures\\react\\amazon\\functions\\node_modules\\firebase-functions\\lib\\index.js"} {"metadata":{"emulator":{"name":"functions"},"message":"[runtime-status] [6152] Resolved module firebase-functions {\"declared\":true,\"installed\":true,\"version\":\"3.11.0\",\"resolution\":\"D:\\\\Anupam Karn\\\\Pictures\\\\react\\\\amazon\\\\functions\\\\node_modules\\\\firebase-functions\\\\lib\\\\index.js\"}"}}
[debug] [2020-09-17T07:45:38.338Z] [runtime-status] [6152] Resolved module firebase-admin {"declared":true,"installed":true,"version":"8.13.0","resolution":"D:\\Anupam Karn\\Pictures\\react\\amazon\\functions\\node_modules\\firebase-admin\\lib\\index.js"} {"metadata":{"emulator":{"name":"functions"},"message":"[runtime-status] [6152] Resolved module firebase-admin {\"declared\":true,\"installed\":true,\"version\":\"8.13.0\",\"resolution\":\"D:\\\\Anupam Karn\\\\Pictures\\\\react\\\\amazon\\\\functions\\\\node_modules\\\\firebase-admin\\\\lib\\\\index.js\"}"}}
[debug] [2020-09-17T07:45:38.340Z] [runtime-status] [6152] Resolved module firebase-functions {"declared":true,"installed":true,"version":"3.11.0","resolution":"D:\\Anupam Karn\\Pictures\\react\\amazon\\functions\\node_modules\\firebase-functions\\lib\\index.js"} {"metadata":{"emulator":{"name":"functions"},"message":"[runtime-status] [6152] Resolved module firebase-functions {\"declared\":true,\"installed\":true,\"version\":\"3.11.0\",\"resolution\":\"D:\\\\Anupam Karn\\\\Pictures\\\\react\\\\amazon\\\\functions\\\\node_modules\\\\firebase-functions\\\\lib\\\\index.js\"}"}}
[debug] [2020-09-17T07:45:38.341Z] [runtime-status] [6152] firebase-admin has been stubbed. {"adminResolution":{"declared":true,"installed":true,"version":"8.13.0","resolution":"D:\\Anupam Karn\\Pictures\\react\\amazon\\functions\\node_modules\\firebase-admin\\lib\\index.js"}} {"metadata":{"emulator":{"name":"functions"},"message":"[runtime-status] [6152] firebase-admin has been stubbed. {\"adminResolution\":{\"declared\":true,\"installed\":true,\"version\":\"8.13.0\",\"resolution\":\"D:\\\\Anupam Karn\\\\Pictures\\\\react\\\\amazon\\\\functions\\\\node_modules\\\\firebase-admin\\\\lib\\\\index.js\"}}"}}
[info] +  functions[api]: http function initialized (http://localhost:5001/fir-2d14d/us-central1/api). {"metadata":{"emulator":{"name":"functions"},"message":"\u001b[1mhttp\u001b[22m function initialized (http://localhost:5001/fir-2d14d/us-central1/api)."}}
[info] 
┌───────────────────────────────────────────────────────────────────────┐
│ ✔  All emulators ready! View status and logs at http://localhost:4000 │
└───────────────────────────────────────────────────────────────────────┘

┌───────────┬────────────────┬─────────────────────────────────┐
│ Emulator  │ Host:Port      │ View in Emulator UI             │
├───────────┼────────────────┼─────────────────────────────────┤
│ Functions │ localhost:5001 │ http://localhost:4000/functions │
├───────────┼────────────────┼─────────────────────────────────┤
│ Hosting   │ localhost:5000 │ n/a                             │
└───────────┴────────────────┴─────────────────────────────────┘
  Other reserved ports: 4400, 4500

Issues? Report them at https://github.com/firebase/firebase-tools/issues and attach the *-debug.log files.
 
[debug] [2020-09-17T07:45:38.809Z] [worker-~diagnostic~-24d2820f-118a-493c-8f2e-c900afea032e]: IDLE {"metadata":{"emulator":{"name":"functions"},"message":"[worker-~diagnostic~-24d2820f-118a-493c-8f2e-c900afea032e]: IDLE"}}
[debug] [2020-09-17T07:46:17.690Z] [work-queue] {"queueLength":1,"workRunningCount":0}
[debug] [2020-09-17T07:46:17.691Z] [work-queue] {"queueLength":0,"workRunningCount":1}
[debug] [2020-09-17T07:46:17.692Z] Accepted request POST /fir-2d14d/us-central1/api/payments/create?total=71700 --> api
[debug] [2020-09-17T07:46:17.701Z] [worker-pool] addWorker(api) {"metadata":{"emulator":{"name":"functions"},"message":"[worker-pool] addWorker(api)"}}
[debug] [2020-09-17T07:46:17.701Z] [worker-pool] Adding worker with key api, total=1 {"metadata":{"emulator":{"name":"functions"},"message":"[worker-pool] Adding worker with key api, total=1"}}
[debug] [2020-09-17T07:46:17.702Z] [worker-pool] submitWork(triggerId=api) {"metadata":{"emulator":{"name":"functions"},"message":"[worker-pool] submitWork(triggerId=api)"}}
[debug] [2020-09-17T07:46:17.702Z] [worker-api-c1d5aa9e-1fe5-426c-9643-ec86f2c807cb]: Assigning socketPath: \\?\pipe\D:\Anupam Karn\Pictures\react\amazon\functions\5564 {"metadata":{"emulator":{"name":"functions"},"message":"[worker-api-c1d5aa9e-1fe5-426c-9643-ec86f2c807cb]: Assigning socketPath: \\\\?\\pipe\\D:\\Anupam Karn\\Pictures\\react\\amazon\\functions\\5564"}}
[debug] [2020-09-17T07:46:17.703Z] [worker-api-c1d5aa9e-1fe5-426c-9643-ec86f2c807cb]: BUSY {"metadata":{"emulator":{"name":"functions"},"message":"[worker-api-c1d5aa9e-1fe5-426c-9643-ec86f2c807cb]: BUSY"}}
[debug] [2020-09-17T07:46:18.930Z] [runtime-status] [5564] Functions runtime initialized. {"cwd":"D:\\Anupam Karn\\Pictures\\react\\amazon\\functions","node_version":"12.18.4"} {"metadata":{"emulator":{"name":"functions"},"function":{"name":"api"},"message":"[runtime-status] [5564] Functions runtime initialized. {\"cwd\":\"D:\\\\Anupam Karn\\\\Pictures\\\\react\\\\amazon\\\\functions\",\"node_version\":\"12.18.4\"}"}}
[debug] [2020-09-17T07:46:18.943Z] [runtime-status] [5564] Disabled runtime features: undefined {"metadata":{"emulator":{"name":"functions"},"function":{"name":"api"},"message":"[runtime-status] [5564] Disabled runtime features: undefined"}}
[debug] [2020-09-17T07:46:18.953Z] [runtime-status] [5564] Resolved module firebase-admin {"declared":true,"installed":true,"version":"8.13.0","resolution":"D:\\Anupam Karn\\Pictures\\react\\amazon\\functions\\node_modules\\firebase-admin\\lib\\index.js"} {"metadata":{"emulator":{"name":"functions"},"function":{"name":"api"},"message":"[runtime-status] [5564] Resolved module firebase-admin {\"declared\":true,\"installed\":true,\"version\":\"8.13.0\",\"resolution\":\"D:\\\\Anupam Karn\\\\Pictures\\\\react\\\\amazon\\\\functions\\\\node_modules\\\\firebase-admin\\\\lib\\\\index.js\"}"}}
[debug] [2020-09-17T07:46:18.963Z] [runtime-status] [5564] Resolved module firebase-functions {"declared":true,"installed":true,"version":"3.11.0","resolution":"D:\\Anupam Karn\\Pictures\\react\\amazon\\functions\\node_modules\\firebase-functions\\lib\\index.js"} {"metadata":{"emulator":{"name":"functions"},"function":{"name":"api"},"message":"[runtime-status] [5564] Resolved module firebase-functions {\"declared\":true,\"installed\":true,\"version\":\"3.11.0\",\"resolution\":\"D:\\\\Anupam Karn\\\\Pictures\\\\react\\\\amazon\\\\functions\\\\node_modules\\\\firebase-functions\\\\lib\\\\index.js\"}"}}
[debug] [2020-09-17T07:46:18.967Z] [runtime-status] [5564] Resolved module firebase-functions {"declared":true,"installed":true,"version":"3.11.0","resolution":"D:\\Anupam Karn\\Pictures\\react\\amazon\\functions\\node_modules\\firebase-functions\\lib\\index.js"} {"metadata":{"emulator":{"name":"functions"},"function":{"name":"api"},"message":"[runtime-status] [5564] Resolved module firebase-functions {\"declared\":true,\"installed\":true,\"version\":\"3.11.0\",\"resolution\":\"D:\\\\Anupam Karn\\\\Pictures\\\\react\\\\amazon\\\\functions\\\\node_modules\\\\firebase-functions\\\\lib\\\\index.js\"}"}}
[debug] [2020-09-17T07:46:18.971Z] [runtime-status] [5564] Outgoing network have been stubbed. [{"name":"http","status":"mocked"},{"name":"http","status":"mocked"},{"name":"https","status":"mocked"},{"name":"https","status":"mocked"},{"name":"net","status":"mocked"}] {"metadata":{"emulator":{"name":"functions"},"function":{"name":"api"},"message":"[runtime-status] [5564] Outgoing network have been stubbed. [{\"name\":\"http\",\"status\":\"mocked\"},{\"name\":\"http\",\"status\":\"mocked\"},{\"name\":\"https\",\"status\":\"mocked\"},{\"name\":\"https\",\"status\":\"mocked\"},{\"name\":\"net\",\"status\":\"mocked\"}]"}}
[debug] [2020-09-17T07:46:18.972Z] [runtime-status] [5564] Resolved module firebase-functions {"declared":true,"installed":true,"version":"3.11.0","resolution":"D:\\Anupam Karn\\Pictures\\react\\amazon\\functions\\node_modules\\firebase-functions\\lib\\index.js"} {"metadata":{"emulator":{"name":"functions"},"function":{"name":"api"},"message":"[runtime-status] [5564] Resolved module firebase-functions {\"declared\":true,\"installed\":true,\"version\":\"3.11.0\",\"resolution\":\"D:\\\\Anupam Karn\\\\Pictures\\\\react\\\\amazon\\\\functions\\\\node_modules\\\\firebase-functions\\\\lib\\\\index.js\"}"}}
[debug] [2020-09-17T07:46:19.078Z] [runtime-status] [5564] Checked functions.config() {"config":{}} {"metadata":{"emulator":{"name":"functions"},"function":{"name":"api"},"message":"[runtime-status] [5564] Checked functions.config() {\"config\":{}}"}}
[debug] [2020-09-17T07:46:19.079Z] [runtime-status] [5564] firebase-functions has been stubbed. {"functionsResolution":{"declared":true,"installed":true,"version":"3.11.0","resolution":"D:\\Anupam Karn\\Pictures\\react\\amazon\\functions\\node_modules\\firebase-functions\\lib\\index.js"}} {"metadata":{"emulator":{"name":"functions"},"function":{"name":"api"},"message":"[runtime-status] [5564] firebase-functions has been stubbed. {\"functionsResolution\":{\"declared\":true,\"installed\":true,\"version\":\"3.11.0\",\"resolution\":\"D:\\\\Anupam Karn\\\\Pictures\\\\react\\\\amazon\\\\functions\\\\node_modules\\\\firebase-functions\\\\lib\\\\index.js\"}}"}}
[debug] [2020-09-17T07:46:19.080Z] [runtime-status] [5564] Resolved module firebase-functions {"declared":true,"installed":true,"version":"3.11.0","resolution":"D:\\Anupam Karn\\Pictures\\react\\amazon\\functions\\node_modules\\firebase-functions\\lib\\index.js"} {"metadata":{"emulator":{"name":"functions"},"function":{"name":"api"},"message":"[runtime-status] [5564] Resolved module firebase-functions {\"declared\":true,\"installed\":true,\"version\":\"3.11.0\",\"resolution\":\"D:\\\\Anupam Karn\\\\Pictures\\\\react\\\\amazon\\\\functions\\\\node_modules\\\\firebase-functions\\\\lib\\\\index.js\"}"}}
[debug] [2020-09-17T07:46:19.082Z] [runtime-status] [5564] Resolved module firebase-admin {"declared":true,"installed":true,"version":"8.13.0","resolution":"D:\\Anupam Karn\\Pictures\\react\\amazon\\functions\\node_modules\\firebase-admin\\lib\\index.js"} {"metadata":{"emulator":{"name":"functions"},"function":{"name":"api"},"message":"[runtime-status] [5564] Resolved module firebase-admin {\"declared\":true,\"installed\":true,\"version\":\"8.13.0\",\"resolution\":\"D:\\\\Anupam Karn\\\\Pictures\\\\react\\\\amazon\\\\functions\\\\node_modules\\\\firebase-admin\\\\lib\\\\index.js\"}"}}
[debug] [2020-09-17T07:46:19.084Z] [runtime-status] [5564] Resolved module firebase-functions {"declared":true,"installed":true,"version":"3.11.0","resolution":"D:\\Anupam Karn\\Pictures\\react\\amazon\\functions\\node_modules\\firebase-functions\\lib\\index.js"} {"metadata":{"emulator":{"name":"functions"},"function":{"name":"api"},"message":"[runtime-status] [5564] Resolved module firebase-functions {\"declared\":true,\"installed\":true,\"version\":\"3.11.0\",\"resolution\":\"D:\\\\Anupam Karn\\\\Pictures\\\\react\\\\amazon\\\\functions\\\\node_modules\\\\firebase-functions\\\\lib\\\\index.js\"}"}}
[debug] [2020-09-17T07:46:19.085Z] [runtime-status] [5564] firebase-admin has been stubbed. {"adminResolution":{"declared":true,"installed":true,"version":"8.13.0","resolution":"D:\\Anupam Karn\\Pictures\\react\\amazon\\functions\\node_modules\\firebase-admin\\lib\\index.js"}} {"metadata":{"emulator":{"name":"functions"},"function":{"name":"api"},"message":"[runtime-status] [5564] firebase-admin has been stubbed. {\"adminResolution\":{\"declared\":true,\"installed\":true,\"version\":\"8.13.0\",\"resolution\":\"D:\\\\Anupam Karn\\\\Pictures\\\\react\\\\amazon\\\\functions\\\\node_modules\\\\firebase-admin\\\\lib\\\\index.js\"}}"}}
[debug] [2020-09-17T07:46:19.551Z] [runtime-status] [5564] Trigger "api" has been found, beginning invocation! {"metadata":{"emulator":{"name":"functions"},"function":{"name":"api"},"message":"[runtime-status] [5564] Trigger \"api\" has been found, beginning invocation!"}}
[info] i  functions: Beginning execution of "api" {"metadata":{"emulator":{"name":"functions"},"function":{"name":"api"},"message":"Beginning execution of \"api\""}}
[debug] [2020-09-17T07:46:19.554Z] [runtime-status] [5564] triggerDefinition {"httpsTrigger":{},"name":"api","entryPoint":"api"} {"metadata":{"emulator":{"name":"functions"},"function":{"name":"api"},"message":"[runtime-status] [5564] triggerDefinition {\"httpsTrigger\":{},\"name\":\"api\",\"entryPoint\":\"api\"}"}}
[debug] [2020-09-17T07:46:19.555Z] [runtime-status] [5564] Running api in mode HTTPS {"metadata":{"emulator":{"name":"functions"},"function":{"name":"api"},"message":"[runtime-status] [5564] Running api in mode HTTPS"}}
[debug] [2020-09-17T07:46:19.567Z] [runtime-status] [5564] Attempting to listen to socketPath: \\?\pipe\D:\Anupam Karn\Pictures\react\amazon\functions\5564 {"metadata":{"emulator":{"name":"functions"},"function":{"name":"api"},"message":"[runtime-status] [5564] Attempting to listen to socketPath: \\\\?\\pipe\\D:\\Anupam Karn\\Pictures\\react\\amazon\\functions\\5564"}}
[debug] [2020-09-17T07:46:19.575Z] [functions] Runtime ready! Sending request! {"metadata":{"emulator":{"name":"functions"},"message":"[functions] Runtime ready! Sending request!"}}
[debug] [2020-09-17T07:46:19.593Z] [runtime-status] [5564] Ephemeral server handling POST request {"metadata":{"emulator":{"name":"functions"},"function":{"name":"api"},"message":"[runtime-status] [5564] Ephemeral server handling POST request"}}
[info] >  Payment request received 71700 {"user":"Payment request received 71700","metadata":{"emulator":{"name":"functions"},"function":{"name":"api"},"message":"\u001b[90m> \u001b[39m Payment request received 71700"}}
[debug] [2020-09-17T07:46:19.796Z] [runtime-status] [5564] Ephemeral server survived. {"metadata":{"emulator":{"name":"functions"},"function":{"name":"api"},"message":"[runtime-status] [5564] Ephemeral server survived."}}
[info] i  functions: Finished "api" in ~2s {"metadata":{"emulator":{"name":"functions"},"function":{"name":"api"},"message":"Finished \"api\" in ~2s"}}
[debug] [2020-09-17T07:46:21.596Z] [worker-api-c1d5aa9e-1fe5-426c-9643-ec86f2c807cb]: IDLE {"metadata":{"emulator":{"name":"functions"},"message":"[worker-api-c1d5aa9e-1fe5-426c-9643-ec86f2c807cb]: IDLE"}}
[debug] [2020-09-17T07:46:21.596Z] [work-queue] {"queueLength":0,"workRunningCount":0}
[debug] [2020-09-17T07:52:17.881Z] [work-queue] {"queueLength":1,"workRunningCount":0}
[debug] [2020-09-17T07:52:17.881Z] [work-queue] {"queueLength":0,"workRunningCount":1}
[debug] [2020-09-17T07:52:17.882Z] Accepted request POST /fir-2d14d/us-central1/api/payments/create?total=223194.99999999997 --> api
[debug] [2020-09-17T07:52:17.882Z] [worker-pool] submitWork(triggerId=api) {"metadata":{"emulator":{"name":"functions"},"message":"[worker-pool] submitWork(triggerId=api)"}}
[debug] [2020-09-17T07:52:17.882Z] [worker-api-c1d5aa9e-1fe5-426c-9643-ec86f2c807cb]: Assigning socketPath: \\?\pipe\D:\Anupam Karn\Pictures\react\amazon\functions\5564 {"metadata":{"emulator":{"name":"functions"},"message":"[worker-api-c1d5aa9e-1fe5-426c-9643-ec86f2c807cb]: Assigning socketPath: \\\\?\\pipe\\D:\\Anupam Karn\\Pictures\\react\\amazon\\functions\\5564"}}
[debug] [2020-09-17T07:52:17.883Z] [worker-api-c1d5aa9e-1fe5-426c-9643-ec86f2c807cb]: BUSY {"metadata":{"emulator":{"name":"functions"},"message":"[worker-api-c1d5aa9e-1fe5-426c-9643-ec86f2c807cb]: BUSY"}}
[debug] [2020-09-17T07:52:17.884Z] [runtime-status] [5564] Trigger "api" has been found, beginning invocation! {"metadata":{"emulator":{"name":"functions"},"function":{"name":"api"},"message":"[runtime-status] [5564] Trigger \"api\" has been found, beginning invocation!"}}
[info] i  functions: Beginning execution of "api" {"metadata":{"emulator":{"name":"functions"},"function":{"name":"api"},"message":"Beginning execution of \"api\""}}
[debug] [2020-09-17T07:52:17.887Z] [runtime-status] [5564] triggerDefinition {"httpsTrigger":{},"name":"api","entryPoint":"api"} {"metadata":{"emulator":{"name":"functions"},"function":{"name":"api"},"message":"[runtime-status] [5564] triggerDefinition {\"httpsTrigger\":{},\"name\":\"api\",\"entryPoint\":\"api\"}"}}
[debug] [2020-09-17T07:52:17.888Z] [runtime-status] [5564] Running api in mode HTTPS {"metadata":{"emulator":{"name":"functions"},"function":{"name":"api"},"message":"[runtime-status] [5564] Running api in mode HTTPS"}}
[debug] [2020-09-17T07:52:17.889Z] [runtime-status] [5564] Attempting to listen to socketPath: \\?\pipe\D:\Anupam Karn\Pictures\react\amazon\functions\5564 {"metadata":{"emulator":{"name":"functions"},"function":{"name":"api"},"message":"[runtime-status] [5564] Attempting to listen to socketPath: \\\\?\\pipe\\D:\\Anupam Karn\\Pictures\\react\\amazon\\functions\\5564"}}
[debug] [2020-09-17T07:52:17.905Z] [functions] Runtime ready! Sending request! {"metadata":{"emulator":{"name":"functions"},"message":"[functions] Runtime ready! Sending request!"}}
[debug] [2020-09-17T07:52:17.913Z] [runtime-status] [5564] Ephemeral server handling POST request {"metadata":{"emulator":{"name":"functions"},"function":{"name":"api"},"message":"[runtime-status] [5564] Ephemeral server handling POST request"}}
[info] >  Payment request received 223194.99999999997 {"user":"Payment request received 223194.99999999997","metadata":{"emulator":{"name":"functions"},"function":{"name":"api"},"message":"\u001b[90m> \u001b[39m Payment request received 223194.99999999997"}}
[debug] [2020-09-17T07:52:17.921Z] [runtime-status] [5564] Ephemeral server survived. {"metadata":{"emulator":{"name":"functions"},"function":{"name":"api"},"message":"[runtime-status] [5564] Ephemeral server survived."}}
[info] >  (node:5564) UnhandledPromiseRejectionWarning: Error: Invalid integer: 223194.99999999997 {"user":"(node:5564) UnhandledPromiseRejectionWarning: Error: Invalid integer: 223194.99999999997","metadata":{"emulator":{"name":"functions"},"function":{"name":"api"},"message":"\u001b[90m> \u001b[39m (node:5564) UnhandledPromiseRejectionWarning: Error: Invalid integer: 223194.99999999997"}}
[info] >      at Function.generate (D:\Anupam Karn\Pictures\react\amazon\functions\node_modules\stripe\lib\Error.js:39:16) {"user":"    at Function.generate (D:\\Anupam Karn\\Pictures\\react\\amazon\\functions\\node_modules\\stripe\\lib\\Error.js:39:16)","metadata":{"emulator":{"name":"functions"},"function":{"name":"api"},"message":"\u001b[90m> \u001b[39m     at Function.generate (D:\\Anupam Karn\\Pictures\\react\\amazon\\functions\\node_modules\\stripe\\lib\\Error.js:39:16)"}}
[info] >      at IncomingMessage.<anonymous> (D:\Anupam Karn\Pictures\react\amazon\functions\node_modules\stripe\lib\StripeResource.js:190:33) {"user":"    at IncomingMessage.<anonymous> (D:\\Anupam Karn\\Pictures\\react\\amazon\\functions\\node_modules\\stripe\\lib\\StripeResource.js:190:33)","metadata":{"emulator":{"name":"functions"},"function":{"name":"api"},"message":"\u001b[90m> \u001b[39m     at IncomingMessage.<anonymous> (D:\\Anupam Karn\\Pictures\\react\\amazon\\functions\\node_modules\\stripe\\lib\\StripeResource.js:190:33)"}}
[info] >      at Object.onceWrapper (events.js:421:28) {"user":"    at Object.onceWrapper (events.js:421:28)","metadata":{"emulator":{"name":"functions"},"function":{"name":"api"},"message":"\u001b[90m> \u001b[39m     at Object.onceWrapper (events.js:421:28)"}}
[info] >      at IncomingMessage.emit (events.js:327:22) {"user":"    at IncomingMessage.emit (events.js:327:22)","metadata":{"emulator":{"name":"functions"},"function":{"name":"api"},"message":"\u001b[90m> \u001b[39m     at IncomingMessage.emit (events.js:327:22)"}}
[info] >      at endReadableNT (_stream_readable.js:1220:12) {"user":"    at endReadableNT (_stream_readable.js:1220:12)","metadata":{"emulator":{"name":"functions"},"function":{"name":"api"},"message":"\u001b[90m> \u001b[39m     at endReadableNT (_stream_readable.js:1220:12)"}}
[info] >      at processTicksAndRejections (internal/process/task_queues.js:84:21) {"user":"    at processTicksAndRejections (internal/process/task_queues.js:84:21)","metadata":{"emulator":{"name":"functions"},"function":{"name":"api"},"message":"\u001b[90m> \u001b[39m     at processTicksAndRejections (internal/process/task_queues.js:84:21)"}}
[info] >  (node:5564) UnhandledPromiseRejectionWarning: Unhandled promise rejection. This error originated either by throwing inside of an async function without a catch block, or by rejecting a promise which was not handled with .catch(). To terminate the node process on unhandled promise rejection, use the CLI flag `--unhandled-rejections=strict` (see https://nodejs.org/api/cli.html#cli_unhandled_rejections_mode). (rejection id: 1) {"user":"(node:5564) UnhandledPromiseRejectionWarning: Unhandled promise rejection. This error originated either by throwing inside of an async function without a catch block, or by rejecting a promise which was not handled with .catch(). To terminate the node process on unhandled promise rejection, use the CLI flag `--unhandled-rejections=strict` (see https://nodejs.org/api/cli.html#cli_unhandled_rejections_mode). (rejection id: 1)","metadata":{"emulator":{"name":"functions"},"function":{"name":"api"},"message":"\u001b[90m> \u001b[39m (node:5564) UnhandledPromiseRejectionWarning: Unhandled promise rejection. This error originated either by throwing inside of an async function without a catch block, or by rejecting a promise which was not handled with .catch(). To terminate the node process on unhandled promise rejection, use the CLI flag `--unhandled-rejections=strict` (see https://nodejs.org/api/cli.html#cli_unhandled_rejections_mode). (rejection id: 1)"}}
[info] >  (node:5564) [DEP0018] DeprecationWarning: Unhandled promise rejections are deprecated. In the future, promise rejections that are not handled will terminate the Node.js process with a non-zero exit code. {"user":"(node:5564) [DEP0018] DeprecationWarning: Unhandled promise rejections are deprecated. In the future, promise rejections that are not handled will terminate the Node.js process with a non-zero exit code.","metadata":{"emulator":{"name":"functions"},"function":{"name":"api"},"message":"\u001b[90m> \u001b[39m (node:5564) [DEP0018] DeprecationWarning: Unhandled promise rejections are deprecated. In the future, promise rejections that are not handled will terminate the Node.js process with a non-zero exit code."}}
[warn] !  functions: Your function timed out after ~60s. To configure this timeout, see
      https://firebase.google.com/docs/functions/manage-functions#set_timeout_and_memory_allocation. {"metadata":{"emulator":{"name":"functions"},"function":{"name":"api"},"message":"Your function timed out after ~60s. To configure this timeout, see\n      https://firebase.google.com/docs/functions/manage-functions#set_timeout_and_memory_allocation."}}
[info] >  C:\Users\Anupam Karn\AppData\Roaming\npm\node_modules\firebase-tools\lib\emulator\functionsEmulatorRuntime.js:642 {"user":"C:\\Users\\Anupam Karn\\AppData\\Roaming\\npm\\node_modules\\firebase-tools\\lib\\emulator\\functionsEmulatorRuntime.js:642\r","metadata":{"emulator":{"name":"functions"},"function":{"name":"api"},"message":"\u001b[90m> \u001b[39m C:\\Users\\Anupam Karn\\AppData\\Roaming\\npm\\node_modules\\firebase-tools\\lib\\emulator\\functionsEmulatorRuntime.js:642\r"}}
[info] >                  throw new Error("Function timed out."); {"user":"                throw new Error(\"Function timed out.\");\r","metadata":{"emulator":{"name":"functions"},"function":{"name":"api"},"message":"\u001b[90m> \u001b[39m                 throw new Error(\"Function timed out.\");\r"}}
[info] >                  ^ {"user":"                ^\r","metadata":{"emulator":{"name":"functions"},"function":{"name":"api"},"message":"\u001b[90m> \u001b[39m                 ^\r"}}
[info] >   {"user":"\r","metadata":{"emulator":{"name":"functions"},"function":{"name":"api"},"message":"\u001b[90m> \u001b[39m \r"}}
[info] >  Error: Function timed out. {"user":"Error: Function timed out.\r","metadata":{"emulator":{"name":"functions"},"function":{"name":"api"},"message":"\u001b[90m> \u001b[39m Error: Function timed out.\r"}}
[info] >      at Timeout._onTimeout (C:\Users\Anupam Karn\AppData\Roaming\npm\node_modules\firebase-tools\lib\emulator\functionsEmulatorRuntime.js:642:23) {"user":"    at Timeout._onTimeout (C:\\Users\\Anupam Karn\\AppData\\Roaming\\npm\\node_modules\\firebase-tools\\lib\\emulator\\functionsEmulatorRuntime.js:642:23)\r","metadata":{"emulator":{"name":"functions"},"function":{"name":"api"},"message":"\u001b[90m> \u001b[39m     at Timeout._onTimeout (C:\\Users\\Anupam Karn\\AppData\\Roaming\\npm\\node_modules\\firebase-tools\\lib\\emulator\\functionsEmulatorRuntime.js:642:23)\r"}}
[info] >      at listOnTimeout (internal/timers.js:549:17) {"user":"    at listOnTimeout (internal/timers.js:549:17)\r","metadata":{"emulator":{"name":"functions"},"function":{"name":"api"},"message":"\u001b[90m> \u001b[39m     at listOnTimeout (internal/timers.js:549:17)\r"}}
[info] >      at processTimers (internal/timers.js:492:7) {"user":"    at processTimers (internal/timers.js:492:7)\r","metadata":{"emulator":{"name":"functions"},"function":{"name":"api"},"message":"\u001b[90m> \u001b[39m     at processTimers (internal/timers.js:492:7)\r"}}
[debug] [2020-09-17T07:53:18.110Z] [worker-api-c1d5aa9e-1fe5-426c-9643-ec86f2c807cb]: exited {"metadata":{"emulator":{"name":"functions"},"message":"[worker-api-c1d5aa9e-1fe5-426c-9643-ec86f2c807cb]: exited"}}
[debug] [2020-09-17T07:53:18.110Z] [worker-api-c1d5aa9e-1fe5-426c-9643-ec86f2c807cb]: FINISHED {"metadata":{"emulator":{"name":"functions"},"message":"[worker-api-c1d5aa9e-1fe5-426c-9643-ec86f2c807cb]: FINISHED"}}
[debug] [2020-09-17T07:53:18.110Z] [work-queue] {"queueLength":0,"workRunningCount":0}
[debug] [2020-09-17T08:46:13.649Z] ----------------------------------------------------------------------
[debug] [2020-09-17T08:46:13.659Z] Command:       C:\Program Files\nodejs\node.exe C:\Users\Anupam Karn\AppData\Roaming\npm\node_modules\firebase-tools\lib\bin\firebase.js emulators:start
[debug] [2020-09-17T08:46:13.660Z] CLI Version:   8.10.0
[debug] [2020-09-17T08:46:13.660Z] Platform:      win32
[debug] [2020-09-17T08:46:13.661Z] Node Version:  v12.18.4
[debug] [2020-09-17T08:46:13.718Z] Time:          Thu Sep 17 2020 14:16:13 GMT+0530 (India Standard Time)
[debug] [2020-09-17T08:46:13.719Z] ----------------------------------------------------------------------
[debug] [2020-09-17T08:46:13.720Z] 
[debug] [2020-09-17T08:46:13.796Z] > command requires scopes: ["email","openid","https://www.googleapis.com/auth/cloudplatformprojects.readonly","https://www.googleapis.com/auth/firebase","https://www.googleapis.com/auth/cloud-platform"]
[debug] [2020-09-17T08:46:13.798Z] > authorizing via signed-in user
[info] i  emulators: Starting emulators: functions, hosting {"metadata":{"emulator":{"name":"hub"},"message":"Starting emulators: functions, hosting"}}
[warn] !  emulators: It seems that you are running multiple instances of the emulator suite for project fir-2d14d. This may result in unexpected behavior. 
[debug] [2020-09-17T08:46:14.977Z] [hub] writing locator at C:\Users\Anupam Karn\AppData\Local\Temp\hub-fir-2d14d.json
[warn] !  functions: The following emulators are not running, calls to these services from the Functions emulator will affect production: firestore, database, pubsub {"metadata":{"emulator":{"name":"functions"},"message":"The following emulators are not running, calls to these services from the Functions emulator will affect production: \u001b[1mfirestore, database, pubsub\u001b[22m"}}
[info] +  functions: Using node@12 from host. {"metadata":{"emulator":{"name":"functions"},"message":"Using node@12 from host."}}
[debug] [2020-09-17T08:46:16.295Z] defaultcredentials: writing to file C:\Users\Anupam Karn\AppData\Roaming\firebase\talkingcat1003_gmail_com_application_default_credentials.json
[debug] [2020-09-17T08:46:16.319Z] Setting GAC to C:\Users\Anupam Karn\AppData\Roaming\firebase\talkingcat1003_gmail_com_application_default_credentials.json {"metadata":{"emulator":{"name":"functions"},"message":"Setting GAC to C:\\Users\\Anupam Karn\\AppData\\Roaming\\firebase\\talkingcat1003_gmail_com_application_default_credentials.json"}}
[debug] [2020-09-17T08:46:17.336Z] > refreshing access token with scopes: ["email","https://www.googleapis.com/auth/cloud-platform","https://www.googleapis.com/auth/cloudplatformprojects.readonly","https://www.googleapis.com/auth/firebase","openid"]
[debug] [2020-09-17T08:46:17.337Z] >>> HTTP REQUEST POST https://www.googleapis.com/oauth2/v3/token  
 <request body omitted>
[debug] [2020-09-17T08:46:17.846Z] <<< HTTP RESPONSE 200 {"content-type":"application/json; charset=utf-8","vary":"X-Origin, Referer, Origin,Accept-Encoding","date":"Thu, 17 Sep 2020 08:46:18 GMT","server":"scaffolding on HTTPServer2","cache-control":"private","x-xss-protection":"0","x-frame-options":"SAMEORIGIN","x-content-type-options":"nosniff","alt-svc":"h3-29=\":443\"; ma=2592000,h3-27=\":443\"; ma=2592000,h3-T051=\":443\"; ma=2592000,h3-T050=\":443\"; ma=2592000,h3-Q050=\":443\"; ma=2592000,h3-Q046=\":443\"; ma=2592000,h3-Q043=\":443\"; ma=2592000,quic=\":443\"; ma=2592000; v=\"46,43\"","accept-ranges":"none","transfer-encoding":"chunked"}
[debug] [2020-09-17T08:46:17.941Z] >>> HTTP REQUEST GET https://firebase.googleapis.com/v1beta1/projects/fir-2d14d/webApps/-/config  
 
[debug] [2020-09-17T08:46:19.722Z] <<< HTTP RESPONSE 200 {"content-type":"application/json; charset=UTF-8","vary":"X-Origin, Referer, Origin,Accept-Encoding","date":"Thu, 17 Sep 2020 08:46:20 GMT","server":"ESF","cache-control":"private","x-xss-protection":"0","x-frame-options":"SAMEORIGIN","x-content-type-options":"nosniff","alt-svc":"h3-29=\":443\"; ma=2592000,h3-27=\":443\"; ma=2592000,h3-T051=\":443\"; ma=2592000,h3-T050=\":443\"; ma=2592000,h3-Q050=\":443\"; ma=2592000,h3-Q046=\":443\"; ma=2592000,h3-Q043=\":443\"; ma=2592000,quic=\":443\"; ma=2592000; v=\"46,43\"","accept-ranges":"none","transfer-encoding":"chunked"}
[info] i  hosting: Serving hosting files from: build {"metadata":{"emulator":{"name":"hosting"},"message":"Serving hosting files from: \u001b[1mbuild\u001b[22m"}}
[info] +  hosting: Local server: http://localhost:5000 {"metadata":{"emulator":{"name":"hosting"},"message":"Local server: \u001b[4m\u001b[1mhttp://localhost:5000\u001b[22m\u001b[24m"}}
[debug] [2020-09-17T08:46:22.353Z] Ignoring unsupported arg: auto_download {"metadata":{"emulator":{"name":"ui"},"message":"Ignoring unsupported arg: auto_download"}}
[debug] [2020-09-17T08:46:22.353Z] Ignoring unsupported arg: port {"metadata":{"emulator":{"name":"ui"},"message":"Ignoring unsupported arg: port"}}
[debug] [2020-09-17T08:46:22.354Z] Starting Emulator UI with command {"binary":"node","args":["C:\\Users\\Anupam Karn\\.cache\\firebase\\emulators\\ui-v1.1.1\\server.bundle.js"],"optionalArgs":[],"joinArgs":false} {"metadata":{"emulator":{"name":"ui"},"message":"Starting Emulator UI with command {\"binary\":\"node\",\"args\":[\"C:\\\\Users\\\\Anupam Karn\\\\.cache\\\\firebase\\\\emulators\\\\ui-v1.1.1\\\\server.bundle.js\"],\"optionalArgs\":[],\"joinArgs\":false}"}}
[info] i  ui: Emulator UI logging to ui-debug.log {"metadata":{"emulator":{"name":"ui"},"message":"Emulator UI logging to \u001b[1mui-debug.log\u001b[22m"}}
[debug] [2020-09-17T08:46:22.742Z] Web / API server started at http://localhost:4000
 {"metadata":{"emulator":{"name":"ui"},"message":"Web / API server started at http://localhost:4000\n"}}
[info] i  functions: Watching "D:\Anupam Karn\Pictures\react\amazon\functions" for Cloud Functions... {"metadata":{"emulator":{"name":"functions"},"message":"Watching \"D:\\Anupam Karn\\Pictures\\react\\amazon\\functions\" for Cloud Functions..."}}
[debug] [2020-09-17T08:46:22.962Z] [worker-pool] addWorker(~diagnostic~) {"metadata":{"emulator":{"name":"functions"},"message":"[worker-pool] addWorker(~diagnostic~)"}}
[debug] [2020-09-17T08:46:22.963Z] [worker-pool] Adding worker with key ~diagnostic~, total=1 {"metadata":{"emulator":{"name":"functions"},"message":"[worker-pool] Adding worker with key ~diagnostic~, total=1"}}
[debug] [2020-09-17T08:46:22.963Z] [worker-pool] submitWork(triggerId=) {"metadata":{"emulator":{"name":"functions"},"message":"[worker-pool] submitWork(triggerId=)"}}
[debug] [2020-09-17T08:46:22.964Z] [worker-~diagnostic~-90ee91ae-9167-423d-a674-42e75e2f2364]: Assigning socketPath: \\?\pipe\D:\Anupam Karn\Pictures\react\amazon\functions\2608 {"metadata":{"emulator":{"name":"functions"},"message":"[worker-~diagnostic~-90ee91ae-9167-423d-a674-42e75e2f2364]: Assigning socketPath: \\\\?\\pipe\\D:\\Anupam Karn\\Pictures\\react\\amazon\\functions\\2608"}}
[debug] [2020-09-17T08:46:22.965Z] [worker-~diagnostic~-90ee91ae-9167-423d-a674-42e75e2f2364]: BUSY {"metadata":{"emulator":{"name":"functions"},"message":"[worker-~diagnostic~-90ee91ae-9167-423d-a674-42e75e2f2364]: BUSY"}}
[debug] [2020-09-17T08:46:24.067Z] [runtime-status] [2608] Functions runtime initialized. {"cwd":"D:\\Anupam Karn\\Pictures\\react\\amazon\\functions","node_version":"12.18.4"} {"metadata":{"emulator":{"name":"functions"},"message":"[runtime-status] [2608] Functions runtime initialized. {\"cwd\":\"D:\\\\Anupam Karn\\\\Pictures\\\\react\\\\amazon\\\\functions\",\"node_version\":\"12.18.4\"}"}}
[debug] [2020-09-17T08:46:24.068Z] [runtime-status] [2608] Disabled runtime features: undefined {"metadata":{"emulator":{"name":"functions"},"message":"[runtime-status] [2608] Disabled runtime features: undefined"}}
[debug] [2020-09-17T08:46:24.159Z] [runtime-status] [2608] Resolved module firebase-admin {"declared":true,"installed":true,"version":"8.13.0","resolution":"D:\\Anupam Karn\\Pictures\\react\\amazon\\functions\\node_modules\\firebase-admin\\lib\\index.js"} {"metadata":{"emulator":{"name":"functions"},"message":"[runtime-status] [2608] Resolved module firebase-admin {\"declared\":true,\"installed\":true,\"version\":\"8.13.0\",\"resolution\":\"D:\\\\Anupam Karn\\\\Pictures\\\\react\\\\amazon\\\\functions\\\\node_modules\\\\firebase-admin\\\\lib\\\\index.js\"}"}}
[debug] [2020-09-17T08:46:24.403Z] [runtime-status] [2608] Resolved module firebase-functions {"declared":true,"installed":true,"version":"3.11.0","resolution":"D:\\Anupam Karn\\Pictures\\react\\amazon\\functions\\node_modules\\firebase-functions\\lib\\index.js"} {"metadata":{"emulator":{"name":"functions"},"message":"[runtime-status] [2608] Resolved module firebase-functions {\"declared\":true,\"installed\":true,\"version\":\"3.11.0\",\"resolution\":\"D:\\\\Anupam Karn\\\\Pictures\\\\react\\\\amazon\\\\functions\\\\node_modules\\\\firebase-functions\\\\lib\\\\index.js\"}"}}
[debug] [2020-09-17T08:46:24.405Z] [runtime-status] [2608] Resolved module firebase-functions {"declared":true,"installed":true,"version":"3.11.0","resolution":"D:\\Anupam Karn\\Pictures\\react\\amazon\\functions\\node_modules\\firebase-functions\\lib\\index.js"} {"metadata":{"emulator":{"name":"functions"},"message":"[runtime-status] [2608] Resolved module firebase-functions {\"declared\":true,\"installed\":true,\"version\":\"3.11.0\",\"resolution\":\"D:\\\\Anupam Karn\\\\Pictures\\\\react\\\\amazon\\\\functions\\\\node_modules\\\\firebase-functions\\\\lib\\\\index.js\"}"}}
[debug] [2020-09-17T08:46:24.408Z] [runtime-status] [2608] Outgoing network have been stubbed. [{"name":"http","status":"mocked"},{"name":"http","status":"mocked"},{"name":"https","status":"mocked"},{"name":"https","status":"mocked"},{"name":"net","status":"mocked"}] {"metadata":{"emulator":{"name":"functions"},"message":"[runtime-status] [2608] Outgoing network have been stubbed. [{\"name\":\"http\",\"status\":\"mocked\"},{\"name\":\"http\",\"status\":\"mocked\"},{\"name\":\"https\",\"status\":\"mocked\"},{\"name\":\"https\",\"status\":\"mocked\"},{\"name\":\"net\",\"status\":\"mocked\"}]"}}
[debug] [2020-09-17T08:46:24.410Z] [runtime-status] [2608] Resolved module firebase-functions {"declared":true,"installed":true,"version":"3.11.0","resolution":"D:\\Anupam Karn\\Pictures\\react\\amazon\\functions\\node_modules\\firebase-functions\\lib\\index.js"} {"metadata":{"emulator":{"name":"functions"},"message":"[runtime-status] [2608] Resolved module firebase-functions {\"declared\":true,\"installed\":true,\"version\":\"3.11.0\",\"resolution\":\"D:\\\\Anupam Karn\\\\Pictures\\\\react\\\\amazon\\\\functions\\\\node_modules\\\\firebase-functions\\\\lib\\\\index.js\"}"}}
[debug] [2020-09-17T08:46:30.470Z] [runtime-status] [2608] Checked functions.config() {"config":{}} {"metadata":{"emulator":{"name":"functions"},"message":"[runtime-status] [2608] Checked functions.config() {\"config\":{}}"}}
[debug] [2020-09-17T08:46:30.471Z] [runtime-status] [2608] firebase-functions has been stubbed. {"functionsResolution":{"declared":true,"installed":true,"version":"3.11.0","resolution":"D:\\Anupam Karn\\Pictures\\react\\amazon\\functions\\node_modules\\firebase-functions\\lib\\index.js"}} {"metadata":{"emulator":{"name":"functions"},"message":"[runtime-status] [2608] firebase-functions has been stubbed. {\"functionsResolution\":{\"declared\":true,\"installed\":true,\"version\":\"3.11.0\",\"resolution\":\"D:\\\\Anupam Karn\\\\Pictures\\\\react\\\\amazon\\\\functions\\\\node_modules\\\\firebase-functions\\\\lib\\\\index.js\"}}"}}
[debug] [2020-09-17T08:46:30.472Z] [runtime-status] [2608] Resolved module firebase-functions {"declared":true,"installed":true,"version":"3.11.0","resolution":"D:\\Anupam Karn\\Pictures\\react\\amazon\\functions\\node_modules\\firebase-functions\\lib\\index.js"} {"metadata":{"emulator":{"name":"functions"},"message":"[runtime-status] [2608] Resolved module firebase-functions {\"declared\":true,\"installed\":true,\"version\":\"3.11.0\",\"resolution\":\"D:\\\\Anupam Karn\\\\Pictures\\\\react\\\\amazon\\\\functions\\\\node_modules\\\\firebase-functions\\\\lib\\\\index.js\"}"}}
[debug] [2020-09-17T08:46:30.474Z] [runtime-status] [2608] Resolved module firebase-admin {"declared":true,"installed":true,"version":"8.13.0","resolution":"D:\\Anupam Karn\\Pictures\\react\\amazon\\functions\\node_modules\\firebase-admin\\lib\\index.js"} {"metadata":{"emulator":{"name":"functions"},"message":"[runtime-status] [2608] Resolved module firebase-admin {\"declared\":true,\"installed\":true,\"version\":\"8.13.0\",\"resolution\":\"D:\\\\Anupam Karn\\\\Pictures\\\\react\\\\amazon\\\\functions\\\\node_modules\\\\firebase-admin\\\\lib\\\\index.js\"}"}}
[debug] [2020-09-17T08:46:30.475Z] [runtime-status] [2608] Resolved module firebase-functions {"declared":true,"installed":true,"version":"3.11.0","resolution":"D:\\Anupam Karn\\Pictures\\react\\amazon\\functions\\node_modules\\firebase-functions\\lib\\index.js"} {"metadata":{"emulator":{"name":"functions"},"message":"[runtime-status] [2608] Resolved module firebase-functions {\"declared\":true,\"installed\":true,\"version\":\"3.11.0\",\"resolution\":\"D:\\\\Anupam Karn\\\\Pictures\\\\react\\\\amazon\\\\functions\\\\node_modules\\\\firebase-functions\\\\lib\\\\index.js\"}"}}
[debug] [2020-09-17T08:46:30.476Z] [runtime-status] [2608] firebase-admin has been stubbed. {"adminResolution":{"declared":true,"installed":true,"version":"8.13.0","resolution":"D:\\Anupam Karn\\Pictures\\react\\amazon\\functions\\node_modules\\firebase-admin\\lib\\index.js"}} {"metadata":{"emulator":{"name":"functions"},"message":"[runtime-status] [2608] firebase-admin has been stubbed. {\"adminResolution\":{\"declared\":true,\"installed\":true,\"version\":\"8.13.0\",\"resolution\":\"D:\\\\Anupam Karn\\\\Pictures\\\\react\\\\amazon\\\\functions\\\\node_modules\\\\firebase-admin\\\\lib\\\\index.js\"}}"}}
[info] +  functions[api]: http function initialized (http://localhost:5001/fir-2d14d/us-central1/api). {"metadata":{"emulator":{"name":"functions"},"message":"\u001b[1mhttp\u001b[22m function initialized (http://localhost:5001/fir-2d14d/us-central1/api)."}}
[info] 
┌───────────────────────────────────────────────────────────────────────┐
│ ✔  All emulators ready! View status and logs at http://localhost:4000 │
└───────────────────────────────────────────────────────────────────────┘

┌───────────┬────────────────┬─────────────────────────────────┐
│ Emulator  │ Host:Port      │ View in Emulator UI             │
├───────────┼────────────────┼─────────────────────────────────┤
│ Functions │ localhost:5001 │ http://localhost:4000/functions │
├───────────┼────────────────┼─────────────────────────────────┤
│ Hosting   │ localhost:5000 │ n/a                             │
└───────────┴────────────────┴─────────────────────────────────┘
  Other reserved ports: 4400, 4500

Issues? Report them at https://github.com/firebase/firebase-tools/issues and attach the *-debug.log files.
 
[debug] [2020-09-17T08:46:38.813Z] [worker-~diagnostic~-90ee91ae-9167-423d-a674-42e75e2f2364]: IDLE {"metadata":{"emulator":{"name":"functions"},"message":"[worker-~diagnostic~-90ee91ae-9167-423d-a674-42e75e2f2364]: IDLE"}}
[debug] [2020-09-17T08:47:30.927Z] [work-queue] {"queueLength":1,"workRunningCount":0}
[debug] [2020-09-17T08:47:30.928Z] [work-queue] {"queueLength":0,"workRunningCount":1}
[debug] [2020-09-17T08:47:30.928Z] Accepted request POST /fir-2d14d/us-central1/api/payments/create?total=71700 --> api
[debug] [2020-09-17T08:47:30.936Z] [worker-pool] addWorker(api) {"metadata":{"emulator":{"name":"functions"},"message":"[worker-pool] addWorker(api)"}}
[debug] [2020-09-17T08:47:30.936Z] [worker-pool] Adding worker with key api, total=1 {"metadata":{"emulator":{"name":"functions"},"message":"[worker-pool] Adding worker with key api, total=1"}}
[debug] [2020-09-17T08:47:30.937Z] [worker-pool] submitWork(triggerId=api) {"metadata":{"emulator":{"name":"functions"},"message":"[worker-pool] submitWork(triggerId=api)"}}
[debug] [2020-09-17T08:47:30.937Z] [worker-api-6ee86e47-0f7a-4bed-8be7-cfc555669cfc]: Assigning socketPath: \\?\pipe\D:\Anupam Karn\Pictures\react\amazon\functions\5784 {"metadata":{"emulator":{"name":"functions"},"message":"[worker-api-6ee86e47-0f7a-4bed-8be7-cfc555669cfc]: Assigning socketPath: \\\\?\\pipe\\D:\\Anupam Karn\\Pictures\\react\\amazon\\functions\\5784"}}
[debug] [2020-09-17T08:47:30.937Z] [worker-api-6ee86e47-0f7a-4bed-8be7-cfc555669cfc]: BUSY {"metadata":{"emulator":{"name":"functions"},"message":"[worker-api-6ee86e47-0f7a-4bed-8be7-cfc555669cfc]: BUSY"}}
[debug] [2020-09-17T08:47:37.005Z] [runtime-status] [5784] Functions runtime initialized. {"cwd":"D:\\Anupam Karn\\Pictures\\react\\amazon\\functions","node_version":"12.18.4"} {"metadata":{"emulator":{"name":"functions"},"function":{"name":"api"},"message":"[runtime-status] [5784] Functions runtime initialized. {\"cwd\":\"D:\\\\Anupam Karn\\\\Pictures\\\\react\\\\amazon\\\\functions\",\"node_version\":\"12.18.4\"}"}}
[debug] [2020-09-17T08:47:37.012Z] [runtime-status] [5784] Disabled runtime features: undefined {"metadata":{"emulator":{"name":"functions"},"function":{"name":"api"},"message":"[runtime-status] [5784] Disabled runtime features: undefined"}}
[debug] [2020-09-17T08:47:37.090Z] [runtime-status] [5784] Resolved module firebase-admin {"declared":true,"installed":true,"version":"8.13.0","resolution":"D:\\Anupam Karn\\Pictures\\react\\amazon\\functions\\node_modules\\firebase-admin\\lib\\index.js"} {"metadata":{"emulator":{"name":"functions"},"function":{"name":"api"},"message":"[runtime-status] [5784] Resolved module firebase-admin {\"declared\":true,\"installed\":true,\"version\":\"8.13.0\",\"resolution\":\"D:\\\\Anupam Karn\\\\Pictures\\\\react\\\\amazon\\\\functions\\\\node_modules\\\\firebase-admin\\\\lib\\\\index.js\"}"}}
[debug] [2020-09-17T08:47:37.102Z] [runtime-status] [5784] Resolved module firebase-functions {"declared":true,"installed":true,"version":"3.11.0","resolution":"D:\\Anupam Karn\\Pictures\\react\\amazon\\functions\\node_modules\\firebase-functions\\lib\\index.js"} {"metadata":{"emulator":{"name":"functions"},"function":{"name":"api"},"message":"[runtime-status] [5784] Resolved module firebase-functions {\"declared\":true,\"installed\":true,\"version\":\"3.11.0\",\"resolution\":\"D:\\\\Anupam Karn\\\\Pictures\\\\react\\\\amazon\\\\functions\\\\node_modules\\\\firebase-functions\\\\lib\\\\index.js\"}"}}
[debug] [2020-09-17T08:47:37.104Z] [runtime-status] [5784] Resolved module firebase-functions {"declared":true,"installed":true,"version":"3.11.0","resolution":"D:\\Anupam Karn\\Pictures\\react\\amazon\\functions\\node_modules\\firebase-functions\\lib\\index.js"} {"metadata":{"emulator":{"name":"functions"},"function":{"name":"api"},"message":"[runtime-status] [5784] Resolved module firebase-functions {\"declared\":true,\"installed\":true,\"version\":\"3.11.0\",\"resolution\":\"D:\\\\Anupam Karn\\\\Pictures\\\\react\\\\amazon\\\\functions\\\\node_modules\\\\firebase-functions\\\\lib\\\\index.js\"}"}}
[debug] [2020-09-17T08:47:37.109Z] [runtime-status] [5784] Outgoing network have been stubbed. [{"name":"http","status":"mocked"},{"name":"http","status":"mocked"},{"name":"https","status":"mocked"},{"name":"https","status":"mocked"},{"name":"net","status":"mocked"}] {"metadata":{"emulator":{"name":"functions"},"function":{"name":"api"},"message":"[runtime-status] [5784] Outgoing network have been stubbed. [{\"name\":\"http\",\"status\":\"mocked\"},{\"name\":\"http\",\"status\":\"mocked\"},{\"name\":\"https\",\"status\":\"mocked\"},{\"name\":\"https\",\"status\":\"mocked\"},{\"name\":\"net\",\"status\":\"mocked\"}]"}}
[debug] [2020-09-17T08:47:37.110Z] [runtime-status] [5784] Resolved module firebase-functions {"declared":true,"installed":true,"version":"3.11.0","resolution":"D:\\Anupam Karn\\Pictures\\react\\amazon\\functions\\node_modules\\firebase-functions\\lib\\index.js"} {"metadata":{"emulator":{"name":"functions"},"function":{"name":"api"},"message":"[runtime-status] [5784] Resolved module firebase-functions {\"declared\":true,\"installed\":true,\"version\":\"3.11.0\",\"resolution\":\"D:\\\\Anupam Karn\\\\Pictures\\\\react\\\\amazon\\\\functions\\\\node_modules\\\\firebase-functions\\\\lib\\\\index.js\"}"}}
[debug] [2020-09-17T08:47:37.934Z] [runtime-status] [5784] Checked functions.config() {"config":{}} {"metadata":{"emulator":{"name":"functions"},"function":{"name":"api"},"message":"[runtime-status] [5784] Checked functions.config() {\"config\":{}}"}}
[debug] [2020-09-17T08:47:37.935Z] [runtime-status] [5784] firebase-functions has been stubbed. {"functionsResolution":{"declared":true,"installed":true,"version":"3.11.0","resolution":"D:\\Anupam Karn\\Pictures\\react\\amazon\\functions\\node_modules\\firebase-functions\\lib\\index.js"}} {"metadata":{"emulator":{"name":"functions"},"function":{"name":"api"},"message":"[runtime-status] [5784] firebase-functions has been stubbed. {\"functionsResolution\":{\"declared\":true,\"installed\":true,\"version\":\"3.11.0\",\"resolution\":\"D:\\\\Anupam Karn\\\\Pictures\\\\react\\\\amazon\\\\functions\\\\node_modules\\\\firebase-functions\\\\lib\\\\index.js\"}}"}}
[debug] [2020-09-17T08:47:37.936Z] [runtime-status] [5784] Resolved module firebase-functions {"declared":true,"installed":true,"version":"3.11.0","resolution":"D:\\Anupam Karn\\Pictures\\react\\amazon\\functions\\node_modules\\firebase-functions\\lib\\index.js"} {"metadata":{"emulator":{"name":"functions"},"function":{"name":"api"},"message":"[runtime-status] [5784] Resolved module firebase-functions {\"declared\":true,\"installed\":true,\"version\":\"3.11.0\",\"resolution\":\"D:\\\\Anupam Karn\\\\Pictures\\\\react\\\\amazon\\\\functions\\\\node_modules\\\\firebase-functions\\\\lib\\\\index.js\"}"}}
[debug] [2020-09-17T08:47:37.939Z] [runtime-status] [5784] Resolved module firebase-admin {"declared":true,"installed":true,"version":"8.13.0","resolution":"D:\\Anupam Karn\\Pictures\\react\\amazon\\functions\\node_modules\\firebase-admin\\lib\\index.js"} {"metadata":{"emulator":{"name":"functions"},"function":{"name":"api"},"message":"[runtime-status] [5784] Resolved module firebase-admin {\"declared\":true,\"installed\":true,\"version\":\"8.13.0\",\"resolution\":\"D:\\\\Anupam Karn\\\\Pictures\\\\react\\\\amazon\\\\functions\\\\node_modules\\\\firebase-admin\\\\lib\\\\index.js\"}"}}
[debug] [2020-09-17T08:47:37.940Z] [runtime-status] [5784] Resolved module firebase-functions {"declared":true,"installed":true,"version":"3.11.0","resolution":"D:\\Anupam Karn\\Pictures\\react\\amazon\\functions\\node_modules\\firebase-functions\\lib\\index.js"} {"metadata":{"emulator":{"name":"functions"},"function":{"name":"api"},"message":"[runtime-status] [5784] Resolved module firebase-functions {\"declared\":true,\"installed\":true,\"version\":\"3.11.0\",\"resolution\":\"D:\\\\Anupam Karn\\\\Pictures\\\\react\\\\amazon\\\\functions\\\\node_modules\\\\firebase-functions\\\\lib\\\\index.js\"}"}}
[debug] [2020-09-17T08:47:37.941Z] [runtime-status] [5784] firebase-admin has been stubbed. {"adminResolution":{"declared":true,"installed":true,"version":"8.13.0","resolution":"D:\\Anupam Karn\\Pictures\\react\\amazon\\functions\\node_modules\\firebase-admin\\lib\\index.js"}} {"metadata":{"emulator":{"name":"functions"},"function":{"name":"api"},"message":"[runtime-status] [5784] firebase-admin has been stubbed. {\"adminResolution\":{\"declared\":true,\"installed\":true,\"version\":\"8.13.0\",\"resolution\":\"D:\\\\Anupam Karn\\\\Pictures\\\\react\\\\amazon\\\\functions\\\\node_modules\\\\firebase-admin\\\\lib\\\\index.js\"}}"}}
[debug] [2020-09-17T08:47:39.115Z] [runtime-status] [5784] Trigger "api" has been found, beginning invocation! {"metadata":{"emulator":{"name":"functions"},"function":{"name":"api"},"message":"[runtime-status] [5784] Trigger \"api\" has been found, beginning invocation!"}}
[info] i  functions: Beginning execution of "api" {"metadata":{"emulator":{"name":"functions"},"function":{"name":"api"},"message":"Beginning execution of \"api\""}}
[debug] [2020-09-17T08:47:39.118Z] [runtime-status] [5784] triggerDefinition {"httpsTrigger":{},"name":"api","entryPoint":"api"} {"metadata":{"emulator":{"name":"functions"},"function":{"name":"api"},"message":"[runtime-status] [5784] triggerDefinition {\"httpsTrigger\":{},\"name\":\"api\",\"entryPoint\":\"api\"}"}}
[debug] [2020-09-17T08:47:39.119Z] [runtime-status] [5784] Running api in mode HTTPS {"metadata":{"emulator":{"name":"functions"},"function":{"name":"api"},"message":"[runtime-status] [5784] Running api in mode HTTPS"}}
[debug] [2020-09-17T08:47:39.130Z] [runtime-status] [5784] Attempting to listen to socketPath: \\?\pipe\D:\Anupam Karn\Pictures\react\amazon\functions\5784 {"metadata":{"emulator":{"name":"functions"},"function":{"name":"api"},"message":"[runtime-status] [5784] Attempting to listen to socketPath: \\\\?\\pipe\\D:\\Anupam Karn\\Pictures\\react\\amazon\\functions\\5784"}}
[debug] [2020-09-17T08:47:39.215Z] [functions] Runtime ready! Sending request! {"metadata":{"emulator":{"name":"functions"},"message":"[functions] Runtime ready! Sending request!"}}
[debug] [2020-09-17T08:47:39.241Z] [runtime-status] [5784] Ephemeral server handling POST request {"metadata":{"emulator":{"name":"functions"},"function":{"name":"api"},"message":"[runtime-status] [5784] Ephemeral server handling POST request"}}
[info] >  Payment request received 71700 {"user":"Payment request received 71700","metadata":{"emulator":{"name":"functions"},"function":{"name":"api"},"message":"\u001b[90m> \u001b[39m Payment request received 71700"}}
[debug] [2020-09-17T08:47:39.279Z] [runtime-status] [5784] Ephemeral server survived. {"metadata":{"emulator":{"name":"functions"},"function":{"name":"api"},"message":"[runtime-status] [5784] Ephemeral server survived."}}
[info] i  functions: Finished "api" in ~5s {"metadata":{"emulator":{"name":"functions"},"function":{"name":"api"},"message":"Finished \"api\" in ~5s"}}
[debug] [2020-09-17T08:47:44.512Z] [worker-api-6ee86e47-0f7a-4bed-8be7-cfc555669cfc]: IDLE {"metadata":{"emulator":{"name":"functions"},"message":"[worker-api-6ee86e47-0f7a-4bed-8be7-cfc555669cfc]: IDLE"}}
[debug] [2020-09-17T08:47:44.514Z] [work-queue] {"queueLength":0,"workRunningCount":0}
[debug] [2020-09-17T08:48:21.345Z] [work-queue] {"queueLength":1,"workRunningCount":0}
[debug] [2020-09-17T08:48:21.346Z] [work-queue] {"queueLength":0,"workRunningCount":1}
[debug] [2020-09-17T08:48:21.346Z] Accepted request POST /fir-2d14d/us-central1/api/payments/create?total=189596 --> api
[debug] [2020-09-17T08:48:21.346Z] [worker-pool] submitWork(triggerId=api) {"metadata":{"emulator":{"name":"functions"},"message":"[worker-pool] submitWork(triggerId=api)"}}
[debug] [2020-09-17T08:48:21.346Z] [worker-api-6ee86e47-0f7a-4bed-8be7-cfc555669cfc]: Assigning socketPath: \\?\pipe\D:\Anupam Karn\Pictures\react\amazon\functions\5784 {"metadata":{"emulator":{"name":"functions"},"message":"[worker-api-6ee86e47-0f7a-4bed-8be7-cfc555669cfc]: Assigning socketPath: \\\\?\\pipe\\D:\\Anupam Karn\\Pictures\\react\\amazon\\functions\\5784"}}
[debug] [2020-09-17T08:48:21.347Z] [worker-api-6ee86e47-0f7a-4bed-8be7-cfc555669cfc]: BUSY {"metadata":{"emulator":{"name":"functions"},"message":"[worker-api-6ee86e47-0f7a-4bed-8be7-cfc555669cfc]: BUSY"}}
[debug] [2020-09-17T08:48:21.348Z] [runtime-status] [5784] Trigger "api" has been found, beginning invocation! {"metadata":{"emulator":{"name":"functions"},"function":{"name":"api"},"message":"[runtime-status] [5784] Trigger \"api\" has been found, beginning invocation!"}}
[info] i  functions: Beginning execution of "api" {"metadata":{"emulator":{"name":"functions"},"function":{"name":"api"},"message":"Beginning execution of \"api\""}}
[debug] [2020-09-17T08:48:21.351Z] [runtime-status] [5784] triggerDefinition {"httpsTrigger":{},"name":"api","entryPoint":"api"} {"metadata":{"emulator":{"name":"functions"},"function":{"name":"api"},"message":"[runtime-status] [5784] triggerDefinition {\"httpsTrigger\":{},\"name\":\"api\",\"entryPoint\":\"api\"}"}}
[debug] [2020-09-17T08:48:21.352Z] [runtime-status] [5784] Running api in mode HTTPS {"metadata":{"emulator":{"name":"functions"},"function":{"name":"api"},"message":"[runtime-status] [5784] Running api in mode HTTPS"}}
[debug] [2020-09-17T08:48:21.352Z] [runtime-status] [5784] Attempting to listen to socketPath: \\?\pipe\D:\Anupam Karn\Pictures\react\amazon\functions\5784 {"metadata":{"emulator":{"name":"functions"},"function":{"name":"api"},"message":"[runtime-status] [5784] Attempting to listen to socketPath: \\\\?\\pipe\\D:\\Anupam Karn\\Pictures\\react\\amazon\\functions\\5784"}}
[debug] [2020-09-17T08:48:21.355Z] [functions] Runtime ready! Sending request! {"metadata":{"emulator":{"name":"functions"},"message":"[functions] Runtime ready! Sending request!"}}
[debug] [2020-09-17T08:48:21.363Z] [runtime-status] [5784] Ephemeral server handling POST request {"metadata":{"emulator":{"name":"functions"},"function":{"name":"api"},"message":"[runtime-status] [5784] Ephemeral server handling POST request"}}
[info] >  Payment request received 189596 {"user":"Payment request received 189596","metadata":{"emulator":{"name":"functions"},"function":{"name":"api"},"message":"\u001b[90m> \u001b[39m Payment request received 189596"}}
[debug] [2020-09-17T08:48:21.368Z] [runtime-status] [5784] Ephemeral server survived. {"metadata":{"emulator":{"name":"functions"},"function":{"name":"api"},"message":"[runtime-status] [5784] Ephemeral server survived."}}
[info] i  functions: Finished "api" in ~1s {"metadata":{"emulator":{"name":"functions"},"function":{"name":"api"},"message":"Finished \"api\" in ~1s"}}
[debug] [2020-09-17T08:48:21.834Z] [worker-api-6ee86e47-0f7a-4bed-8be7-cfc555669cfc]: IDLE {"metadata":{"emulator":{"name":"functions"},"message":"[worker-api-6ee86e47-0f7a-4bed-8be7-cfc555669cfc]: IDLE"}}
[debug] [2020-09-17T08:48:21.835Z] [work-queue] {"queueLength":0,"workRunningCount":0}
[debug] [2020-09-17T08:49:19.423Z] [work-queue] {"queueLength":1,"workRunningCount":0}
[debug] [2020-09-17T08:49:19.424Z] [work-queue] {"queueLength":0,"workRunningCount":1}
[debug] [2020-09-17T08:49:19.425Z] Accepted request POST /fir-2d14d/us-central1/api/payments/create?total=458191 --> api
[debug] [2020-09-17T08:49:19.425Z] [worker-pool] submitWork(triggerId=api) {"metadata":{"emulator":{"name":"functions"},"message":"[worker-pool] submitWork(triggerId=api)"}}
[debug] [2020-09-17T08:49:19.426Z] [worker-api-6ee86e47-0f7a-4bed-8be7-cfc555669cfc]: Assigning socketPath: \\?\pipe\D:\Anupam Karn\Pictures\react\amazon\functions\5784 {"metadata":{"emulator":{"name":"functions"},"message":"[worker-api-6ee86e47-0f7a-4bed-8be7-cfc555669cfc]: Assigning socketPath: \\\\?\\pipe\\D:\\Anupam Karn\\Pictures\\react\\amazon\\functions\\5784"}}
[debug] [2020-09-17T08:49:19.426Z] [worker-api-6ee86e47-0f7a-4bed-8be7-cfc555669cfc]: BUSY {"metadata":{"emulator":{"name":"functions"},"message":"[worker-api-6ee86e47-0f7a-4bed-8be7-cfc555669cfc]: BUSY"}}
[debug] [2020-09-17T08:49:19.428Z] [runtime-status] [5784] Trigger "api" has been found, beginning invocation! {"metadata":{"emulator":{"name":"functions"},"function":{"name":"api"},"message":"[runtime-status] [5784] Trigger \"api\" has been found, beginning invocation!"}}
[info] i  functions: Beginning execution of "api" {"metadata":{"emulator":{"name":"functions"},"function":{"name":"api"},"message":"Beginning execution of \"api\""}}
[debug] [2020-09-17T08:49:19.432Z] [runtime-status] [5784] triggerDefinition {"httpsTrigger":{},"name":"api","entryPoint":"api"} {"metadata":{"emulator":{"name":"functions"},"function":{"name":"api"},"message":"[runtime-status] [5784] triggerDefinition {\"httpsTrigger\":{},\"name\":\"api\",\"entryPoint\":\"api\"}"}}
[debug] [2020-09-17T08:49:19.432Z] [runtime-status] [5784] Running api in mode HTTPS {"metadata":{"emulator":{"name":"functions"},"function":{"name":"api"},"message":"[runtime-status] [5784] Running api in mode HTTPS"}}
[debug] [2020-09-17T08:49:19.433Z] [runtime-status] [5784] Attempting to listen to socketPath: \\?\pipe\D:\Anupam Karn\Pictures\react\amazon\functions\5784 {"metadata":{"emulator":{"name":"functions"},"function":{"name":"api"},"message":"[runtime-status] [5784] Attempting to listen to socketPath: \\\\?\\pipe\\D:\\Anupam Karn\\Pictures\\react\\amazon\\functions\\5784"}}
[debug] [2020-09-17T08:49:19.436Z] [functions] Runtime ready! Sending request! {"metadata":{"emulator":{"name":"functions"},"message":"[functions] Runtime ready! Sending request!"}}
[debug] [2020-09-17T08:49:19.446Z] [runtime-status] [5784] Ephemeral server handling POST request {"metadata":{"emulator":{"name":"functions"},"function":{"name":"api"},"message":"[runtime-status] [5784] Ephemeral server handling POST request"}}
[info] >  Payment request received 458191 {"user":"Payment request received 458191","metadata":{"emulator":{"name":"functions"},"function":{"name":"api"},"message":"\u001b[90m> \u001b[39m Payment request received 458191"}}
[debug] [2020-09-17T08:49:19.449Z] [runtime-status] [5784] Ephemeral server survived. {"metadata":{"emulator":{"name":"functions"},"function":{"name":"api"},"message":"[runtime-status] [5784] Ephemeral server survived."}}
[info] i  functions: Finished "api" in ~1s {"metadata":{"emulator":{"name":"functions"},"function":{"name":"api"},"message":"Finished \"api\" in ~1s"}}
[debug] [2020-09-17T08:49:20.041Z] [worker-api-6ee86e47-0f7a-4bed-8be7-cfc555669cfc]: IDLE {"metadata":{"emulator":{"name":"functions"},"message":"[worker-api-6ee86e47-0f7a-4bed-8be7-cfc555669cfc]: IDLE"}}
[debug] [2020-09-17T08:49:20.042Z] [work-queue] {"queueLength":0,"workRunningCount":0}
[debug] [2020-09-17T08:49:26.259Z] [work-queue] {"queueLength":1,"workRunningCount":0}
[debug] [2020-09-17T08:49:26.260Z] [work-queue] {"queueLength":0,"workRunningCount":1}
[debug] [2020-09-17T08:49:26.260Z] Accepted request POST /fir-2d14d/us-central1/api/payments/create?total=458191 --> api
[debug] [2020-09-17T08:49:26.261Z] [worker-pool] submitWork(triggerId=api) {"metadata":{"emulator":{"name":"functions"},"message":"[worker-pool] submitWork(triggerId=api)"}}
[debug] [2020-09-17T08:49:26.267Z] [worker-api-6ee86e47-0f7a-4bed-8be7-cfc555669cfc]: Assigning socketPath: \\?\pipe\D:\Anupam Karn\Pictures\react\amazon\functions\5784 {"metadata":{"emulator":{"name":"functions"},"message":"[worker-api-6ee86e47-0f7a-4bed-8be7-cfc555669cfc]: Assigning socketPath: \\\\?\\pipe\\D:\\Anupam Karn\\Pictures\\react\\amazon\\functions\\5784"}}
[debug] [2020-09-17T08:49:26.267Z] [worker-api-6ee86e47-0f7a-4bed-8be7-cfc555669cfc]: BUSY {"metadata":{"emulator":{"name":"functions"},"message":"[worker-api-6ee86e47-0f7a-4bed-8be7-cfc555669cfc]: BUSY"}}
[debug] [2020-09-17T08:49:26.269Z] [runtime-status] [5784] Trigger "api" has been found, beginning invocation! {"metadata":{"emulator":{"name":"functions"},"function":{"name":"api"},"message":"[runtime-status] [5784] Trigger \"api\" has been found, beginning invocation!"}}
[info] i  functions: Beginning execution of "api" {"metadata":{"emulator":{"name":"functions"},"function":{"name":"api"},"message":"Beginning execution of \"api\""}}
[debug] [2020-09-17T08:49:26.276Z] [runtime-status] [5784] triggerDefinition {"httpsTrigger":{},"name":"api","entryPoint":"api"} {"metadata":{"emulator":{"name":"functions"},"function":{"name":"api"},"message":"[runtime-status] [5784] triggerDefinition {\"httpsTrigger\":{},\"name\":\"api\",\"entryPoint\":\"api\"}"}}
[debug] [2020-09-17T08:49:26.277Z] [runtime-status] [5784] Running api in mode HTTPS {"metadata":{"emulator":{"name":"functions"},"function":{"name":"api"},"message":"[runtime-status] [5784] Running api in mode HTTPS"}}
[debug] [2020-09-17T08:49:26.278Z] [runtime-status] [5784] Attempting to listen to socketPath: \\?\pipe\D:\Anupam Karn\Pictures\react\amazon\functions\5784 {"metadata":{"emulator":{"name":"functions"},"function":{"name":"api"},"message":"[runtime-status] [5784] Attempting to listen to socketPath: \\\\?\\pipe\\D:\\Anupam Karn\\Pictures\\react\\amazon\\functions\\5784"}}
[debug] [2020-09-17T08:49:26.281Z] [functions] Runtime ready! Sending request! {"metadata":{"emulator":{"name":"functions"},"message":"[functions] Runtime ready! Sending request!"}}
[debug] [2020-09-17T08:49:26.289Z] [runtime-status] [5784] Ephemeral server handling POST request {"metadata":{"emulator":{"name":"functions"},"function":{"name":"api"},"message":"[runtime-status] [5784] Ephemeral server handling POST request"}}
[info] >  Payment request received 458191 {"user":"Payment request received 458191","metadata":{"emulator":{"name":"functions"},"function":{"name":"api"},"message":"\u001b[90m> \u001b[39m Payment request received 458191"}}
[debug] [2020-09-17T08:49:26.293Z] [runtime-status] [5784] Ephemeral server survived. {"metadata":{"emulator":{"name":"functions"},"function":{"name":"api"},"message":"[runtime-status] [5784] Ephemeral server survived."}}
[info] i  functions: Finished "api" in ~1s {"metadata":{"emulator":{"name":"functions"},"function":{"name":"api"},"message":"Finished \"api\" in ~1s"}}
[debug] [2020-09-17T08:49:26.730Z] [worker-api-6ee86e47-0f7a-4bed-8be7-cfc555669cfc]: IDLE {"metadata":{"emulator":{"name":"functions"},"message":"[worker-api-6ee86e47-0f7a-4bed-8be7-cfc555669cfc]: IDLE"}}
[debug] [2020-09-17T08:49:26.730Z] [work-queue] {"queueLength":0,"workRunningCount":0}
[debug] [2020-09-17T09:16:54.273Z] [work-queue] {"queueLength":1,"workRunningCount":0}
[debug] [2020-09-17T09:16:54.274Z] [work-queue] {"queueLength":0,"workRunningCount":1}
[debug] [2020-09-17T09:16:54.274Z] Accepted request POST /fir-2d14d/us-central1/api/payments/create?total=179697 --> api
[debug] [2020-09-17T09:16:54.274Z] [worker-pool] submitWork(triggerId=api) {"metadata":{"emulator":{"name":"functions"},"message":"[worker-pool] submitWork(triggerId=api)"}}
[debug] [2020-09-17T09:16:54.275Z] [worker-api-6ee86e47-0f7a-4bed-8be7-cfc555669cfc]: Assigning socketPath: \\?\pipe\D:\Anupam Karn\Pictures\react\amazon\functions\5784 {"metadata":{"emulator":{"name":"functions"},"message":"[worker-api-6ee86e47-0f7a-4bed-8be7-cfc555669cfc]: Assigning socketPath: \\\\?\\pipe\\D:\\Anupam Karn\\Pictures\\react\\amazon\\functions\\5784"}}
[debug] [2020-09-17T09:16:54.275Z] [worker-api-6ee86e47-0f7a-4bed-8be7-cfc555669cfc]: BUSY {"metadata":{"emulator":{"name":"functions"},"message":"[worker-api-6ee86e47-0f7a-4bed-8be7-cfc555669cfc]: BUSY"}}
[debug] [2020-09-17T09:16:54.278Z] [runtime-status] [5784] Trigger "api" has been found, beginning invocation! {"metadata":{"emulator":{"name":"functions"},"function":{"name":"api"},"message":"[runtime-status] [5784] Trigger \"api\" has been found, beginning invocation!"}}
[info] i  functions: Beginning execution of "api" {"metadata":{"emulator":{"name":"functions"},"function":{"name":"api"},"message":"Beginning execution of \"api\""}}
[debug] [2020-09-17T09:16:54.281Z] [runtime-status] [5784] triggerDefinition {"httpsTrigger":{},"name":"api","entryPoint":"api"} {"metadata":{"emulator":{"name":"functions"},"function":{"name":"api"},"message":"[runtime-status] [5784] triggerDefinition {\"httpsTrigger\":{},\"name\":\"api\",\"entryPoint\":\"api\"}"}}
[debug] [2020-09-17T09:16:54.281Z] [runtime-status] [5784] Running api in mode HTTPS {"metadata":{"emulator":{"name":"functions"},"function":{"name":"api"},"message":"[runtime-status] [5784] Running api in mode HTTPS"}}
[debug] [2020-09-17T09:16:54.283Z] [runtime-status] [5784] Attempting to listen to socketPath: \\?\pipe\D:\Anupam Karn\Pictures\react\amazon\functions\5784 {"metadata":{"emulator":{"name":"functions"},"function":{"name":"api"},"message":"[runtime-status] [5784] Attempting to listen to socketPath: \\\\?\\pipe\\D:\\Anupam Karn\\Pictures\\react\\amazon\\functions\\5784"}}
[debug] [2020-09-17T09:16:54.389Z] [functions] Runtime ready! Sending request! {"metadata":{"emulator":{"name":"functions"},"message":"[functions] Runtime ready! Sending request!"}}
[debug] [2020-09-17T09:16:54.394Z] [runtime-status] [5784] Ephemeral server handling POST request {"metadata":{"emulator":{"name":"functions"},"function":{"name":"api"},"message":"[runtime-status] [5784] Ephemeral server handling POST request"}}
[info] >  Payment request received 179697 {"user":"Payment request received 179697","metadata":{"emulator":{"name":"functions"},"function":{"name":"api"},"message":"\u001b[90m> \u001b[39m Payment request received 179697"}}
[debug] [2020-09-17T09:16:54.398Z] [runtime-status] [5784] Ephemeral server survived. {"metadata":{"emulator":{"name":"functions"},"function":{"name":"api"},"message":"[runtime-status] [5784] Ephemeral server survived."}}
[info] i  functions: Finished "api" in ~1s {"metadata":{"emulator":{"name":"functions"},"function":{"name":"api"},"message":"Finished \"api\" in ~1s"}}
[debug] [2020-09-17T09:16:55.280Z] [worker-api-6ee86e47-0f7a-4bed-8be7-cfc555669cfc]: IDLE {"metadata":{"emulator":{"name":"functions"},"message":"[worker-api-6ee86e47-0f7a-4bed-8be7-cfc555669cfc]: IDLE"}}
[debug] [2020-09-17T09:16:55.281Z] [work-queue] {"queueLength":0,"workRunningCount":0}
